SF:lib/src/data/datasource/trade_symbols_data_source_impl.dart
DA:10,1
DA:16,1
DA:20,1
DA:21,1
DA:24,1
DA:30,2
DA:32,1
DA:34,1
DA:37,2
DA:38,1
DA:40,1
DA:43,0
DA:48,0
DA:51,0
DA:52,0
DA:57,1
DA:61,1
LF:17
LH:13
end_of_record
SF:lib/src/data/mapper/trade_symbols_remote_to_domain_mapper.dart
DA:9,1
DA:11,1
DA:12,1
DA:14,0
DA:18,1
DA:19,4
LF:6
LH:5
end_of_record
SF:lib/src/data/repository/trade_symbol_repository_impl.dart
DA:10,1
DA:15,1
DA:19,2
DA:21,2
LF:4
LH:4
end_of_record
SF:lib/src/domain/models/symbol_model.dart
DA:8,4
DA:14,1
DA:15,1
DA:16,2
DA:17,2
DA:18,2
DA:22,1
DA:23,1
DA:24,1
DA:25,1
DA:26,1
LF:11
LH:11
end_of_record
SF:lib/src/domain/usecase/get_trading_symbols_use_case.dart
DA:11,1
DA:15,1
DA:18,2
DA:22,1
DA:25,0
LF:5
LH:4
end_of_record
SF:lib/src/presentation/bloc/trade_list_screen_state.dart
DA:4,6
DA:8,0
DA:9,0
DA:15,2
DA:17,0
DA:18,0
DA:24,3
DA:26,0
DA:27,0
LF:9
LH:3
end_of_record
SF:lib/src/presentation/bloc/trade_list_screen_bloc.dart
DA:15,0
DA:18,0
DA:19,0
DA:22,0
DA:27,0
DA:28,0
DA:30,0
DA:31,0
DA:34,0
DA:35,0
DA:38,0
LF:11
LH:0
end_of_record
SF:lib/src/presentation/bloc/trade_list_screen_event.dart
DA:6,2
LF:1
LH:1
end_of_record
SF:lib/src/presentation/models/trade_item_display_model.dart
DA:7,2
DA:12,0
DA:13,0
DA:14,0
DA:15,0
LF:5
LH:1
end_of_record
SF:lib/src/presentation/trade_list_screen.dart
DA:8,2
DA:10,2
DA:11,2
DA:17,2
DA:19,2
DA:21,6
DA:24,6
DA:26,2
DA:28,2
DA:30,2
DA:31,2
DA:34,2
DA:35,2
DA:44,2
DA:46,2
DA:50,2
DA:54,2
DA:57,2
DA:58,2
DA:62,2
DA:63,2
DA:65,2
DA:67,1
DA:68,1
DA:70,1
DA:83,3
DA:88,1
DA:90,1
DA:91,2
DA:97,2
DA:101,2
DA:114,2
DA:119,2
DA:121,2
DA:122,4
DA:123,2
DA:124,4
DA:126,2
DA:128,2
DA:129,2
DA:130,2
DA:147,2
DA:148,2
DA:150,2
DA:152,2
DA:153,2
DA:154,2
DA:161,2
DA:162,2
LF:49
LH:49
end_of_record
SF:lib/src/presentation/mapper/trade_item_display_mapper.dart
DA:11,0
DA:16,0
DA:17,0
DA:18,0
DA:20,0
LF:5
LH:0
end_of_record
